<?xml version="1.0" encoding="UTF-8"?>
<testng-results ignored="0" total="1" passed="1" failed="0" skipped="0">
  <reporter-output>
  </reporter-output>
  <suite started-at="2026-06-30T14:15:56 IST" name="Suite" finished-at="2026-06-30T14:16:00 IST" duration-ms="3444">
    <groups>
    </groups>
    <test started-at="2026-06-30T14:15:56 IST" name="Test" finished-at="2026-06-30T14:16:00 IST" duration-ms="3444">
      <class name="saucelabs.login">
        <test-method signature="get()[pri:0, instance:saucelabs.login@765d7657]" started-at="2026-06-30T14:15:56 IST" name="get" finished-at="2026-06-30T14:15:59 IST" duration-ms="3375" status="PASS">
          <reporter-output>
          </reporter-output>
        </test-method> <!-- get -->
      </class> <!-- saucelabs.login -->
    </test> <!-- Test -->
  </suite> <!-- Suite -->
</testng-results>
